2025-12-03 14:58:32 | INFO | ingest_data.py | output to console Y
2025-12-03 14:58:32 | INFO | ingest_data.py | train_data_path:D:\FSDS\FSDS_Assignment\FSDS\data\processed\train
2025-12-03 14:58:32 | INFO | ingest_data.py | test_data_path:D:\FSDS\FSDS_Assignment\FSDS\data\processed\test
2025-12-03 14:58:32 | INFO | ingest_data.py | fetched data size (20640, 10)
2025-12-03 14:58:32 | INFO | ingest_data.py | starting train-test split with test size 0.2
2025-12-03 14:58:33 | INFO | ingest_data.py | completed train-test split with train_size (16512, 17) and test_size (4128, 17)
2025-12-03 14:58:33 | INFO | ingest_data.py | execution time for ingest_data script 0s
2025-12-03 14:58:58 | INFO | ingest_data.py | output to console Y
2025-12-03 14:58:58 | INFO | ingest_data.py | train_data_path:D:\FSDS\FSDS_Assignment\FSDS\data\processed\train
2025-12-03 14:58:58 | INFO | ingest_data.py | test_data_path:D:\FSDS\FSDS_Assignment\FSDS\data\processed\test
2025-12-03 14:58:58 | INFO | ingest_data.py | fetched data size (20640, 10)
2025-12-03 14:58:58 | INFO | ingest_data.py | starting train-test split with test size 0.2
2025-12-03 14:58:59 | INFO | ingest_data.py | completed train-test split with train_size (16512, 17) and test_size (4128, 17)
2025-12-03 14:58:59 | INFO | ingest_data.py | execution time for ingest_data script 0s
2025-12-03 15:04:10 | INFO | ingest_data.py | output to console Y
2025-12-03 15:04:10 | INFO | ingest_data.py | fetching housing data from https://raw.githubusercontent.com/ageron/handson-ml/master/datasets/housing/housing.tgz
2025-12-03 15:04:11 | WARNING | ingest_data.py | Download failed, switching to local copy. Error: <urlopen error [SSL: CERTIFICATE_VERIFY_FAILED] certificate verify failed: CA cert does not include key usage extension (_ssl.c:1028)>
Traceback (most recent call last):
  File "C:\Program Files\Python313\Lib\urllib\request.py", line 1319, in do_open
    h.request(req.get_method(), req.selector, req.data, headers,
    ~~~~~~~~~^^^^^^^^^^^^^^^^^^^^^^^^^^^^^^^^^^^^^^^^^^^^^^^^^^^
              encode_chunked=req.has_header('Transfer-encoding'))
              ^^^^^^^^^^^^^^^^^^^^^^^^^^^^^^^^^^^^^^^^^^^^^^^^^^^
  File "C:\Program Files\Python313\Lib\http\client.py", line 1338, in request
    self._send_request(method, url, body, headers, encode_chunked)
    ~~~~~~~~~~~~~~~~~~^^^^^^^^^^^^^^^^^^^^^^^^^^^^^^^^^^^^^^^^^^^^
  File "C:\Program Files\Python313\Lib\http\client.py", line 1384, in _send_request
    self.endheaders(body, encode_chunked=encode_chunked)
    ~~~~~~~~~~~~~~~^^^^^^^^^^^^^^^^^^^^^^^^^^^^^^^^^^^^^
  File "C:\Program Files\Python313\Lib\http\client.py", line 1333, in endheaders
    self._send_output(message_body, encode_chunked=encode_chunked)
    ~~~~~~~~~~~~~~~~~^^^^^^^^^^^^^^^^^^^^^^^^^^^^^^^^^^^^^^^^^^^^^
  File "C:\Program Files\Python313\Lib\http\client.py", line 1093, in _send_output
    self.send(msg)
    ~~~~~~~~~^^^^^
  File "C:\Program Files\Python313\Lib\http\client.py", line 1037, in send
    self.connect()
    ~~~~~~~~~~~~^^
  File "C:\Program Files\Python313\Lib\http\client.py", line 1479, in connect
    self.sock = self._context.wrap_socket(self.sock,
                ~~~~~~~~~~~~~~~~~~~~~~~~~^^^^^^^^^^^
                                          server_hostname=server_hostname)
                                          ^^^^^^^^^^^^^^^^^^^^^^^^^^^^^^^^
  File "C:\Program Files\Python313\Lib\ssl.py", line 455, in wrap_socket
    return self.sslsocket_class._create(
           ~~~~~~~~~~~~~~~~~~~~~~~~~~~~^
        sock=sock,
        ^^^^^^^^^^
    ...<5 lines>...
        session=session
        ^^^^^^^^^^^^^^^
    )
    ^
  File "C:\Program Files\Python313\Lib\ssl.py", line 1076, in _create
    self.do_handshake()
    ~~~~~~~~~~~~~~~~~^^
  File "C:\Program Files\Python313\Lib\ssl.py", line 1372, in do_handshake
    self._sslobj.do_handshake()
    ~~~~~~~~~~~~~~~~~~~~~~~~~^^
ssl.SSLCertVerificationError: [SSL: CERTIFICATE_VERIFY_FAILED] certificate verify failed: CA cert does not include key usage extension (_ssl.c:1028)

During handling of the above exception, another exception occurred:

Traceback (most recent call last):
  File "D:\FSDS\FSDS_Assignment\FSDS\src\ingest_data.py", line 244, in <module>
    fetch_housing_data()
    ~~~~~~~~~~~~~~~~~~^^
  File "D:\FSDS\FSDS_Assignment\FSDS\src\ingest_data.py", line 91, in fetch_housing_data
    urllib.request.urlretrieve(housing_url, tgz_path)
    ~~~~~~~~~~~~~~~~~~~~~~~~~~^^^^^^^^^^^^^^^^^^^^^^^
  File "C:\Program Files\Python313\Lib\urllib\request.py", line 214, in urlretrieve
    with contextlib.closing(urlopen(url, data)) as fp:
                            ~~~~~~~^^^^^^^^^^^
  File "C:\Program Files\Python313\Lib\urllib\request.py", line 189, in urlopen
    return opener.open(url, data, timeout)
           ~~~~~~~~~~~^^^^^^^^^^^^^^^^^^^^
  File "C:\Program Files\Python313\Lib\urllib\request.py", line 489, in open
    response = self._open(req, data)
  File "C:\Program Files\Python313\Lib\urllib\request.py", line 506, in _open
    result = self._call_chain(self.handle_open, protocol, protocol +
                              '_open', req)
  File "C:\Program Files\Python313\Lib\urllib\request.py", line 466, in _call_chain
    result = func(*args)
  File "C:\Program Files\Python313\Lib\urllib\request.py", line 1367, in https_open
    return self.do_open(http.client.HTTPSConnection, req,
           ~~~~~~~~~~~~^^^^^^^^^^^^^^^^^^^^^^^^^^^^^^^^^^
                        context=self._context)
                        ^^^^^^^^^^^^^^^^^^^^^^
  File "C:\Program Files\Python313\Lib\urllib\request.py", line 1322, in do_open
    raise URLError(err)
urllib.error.URLError: <urlopen error [SSL: CERTIFICATE_VERIFY_FAILED] certificate verify failed: CA cert does not include key usage extension (_ssl.c:1028)>
2025-12-03 15:04:11 | INFO | ingest_data.py | train_data_path:D:\FSDS\FSDS_Assignment\FSDS\data\processed\train
2025-12-03 15:04:11 | INFO | ingest_data.py | test_data_path:D:\FSDS\FSDS_Assignment\FSDS\data\processed\test
2025-12-03 15:04:11 | INFO | ingest_data.py | fetched data size (20640, 10)
2025-12-03 15:04:11 | INFO | ingest_data.py | starting train-test split with test size 0.2
2025-12-03 15:04:12 | INFO | ingest_data.py | completed train-test split with train_size (16512, 17) and test_size (4128, 17)
2025-12-03 15:04:12 | INFO | ingest_data.py | execution time for ingest_data script 1s
2025-12-03 15:52:19 | INFO | ingest_data.py | Data Training Starts
2025-12-03 15:52:19 | INFO | ingest_data.py | train_file_loc:D:\FSDS\FSDS_Assignment\FSDS\data\processed\train\train.csv
2025-12-03 15:52:19 | INFO | ingest_data.py | model_selection:lr
2025-12-03 15:52:49 | INFO | ingest_data.py | Data Training Starts
2025-12-03 15:52:49 | INFO | ingest_data.py | train_file_loc:D:\FSDS\FSDS_Assignment\FSDS\data\processed\train\train.csv
2025-12-03 15:52:49 | INFO | ingest_data.py | model_selection:lr
2025-12-03 15:52:49 | INFO | ingest_data.py | train data extracted (16512, 17)
2025-12-03 15:52:49 | INFO | ingest_data.py | x_data (16512, 16), Y_data (16512,)
2025-12-03 15:52:49 | INFO | ingest_data.py | Passed data check
2025-12-03 15:52:49 | INFO | ingest_data.py | model_selected : lr
2025-12-03 15:52:49 | INFO | ingest_data.py | Linear model learning starts
2025-12-03 15:52:49 | INFO | ingest_data.py | linear model learning end
2025-12-03 15:52:49 | INFO | ingest_data.py | data training end
2025-12-03 15:52:49 | INFO | ingest_data.py | model_output_loc:D:\FSDS\FSDS_Assignment\FSDS\artifacts\lr_2025-12-03.pkl
2025-12-03 15:52:49 | INFO | ingest_data.py | model saved completed
2025-12-03 15:52:49 | INFO | ingest_data.py | execution time for ingest_data script 0s
2025-12-03 15:53:17 | INFO | train.py | Data Training Starts
2025-12-03 15:53:17 | INFO | train.py | train_file_loc:D:\FSDS\FSDS_Assignment\FSDS\data\processed\train\train.csv
2025-12-03 15:53:17 | INFO | train.py | model_selection:lr
2025-12-03 15:53:17 | INFO | train.py | train data extracted (16512, 17)
2025-12-03 15:53:17 | INFO | train.py | x_data (16512, 16), Y_data (16512,)
2025-12-03 15:53:17 | INFO | train.py | Passed data check
2025-12-03 15:53:17 | INFO | train.py | model_selected : lr
2025-12-03 15:53:17 | INFO | train.py | Linear model learning starts
2025-12-03 15:53:17 | INFO | train.py | linear model learning end
2025-12-03 15:53:17 | INFO | train.py | data training end
2025-12-03 15:53:17 | INFO | train.py | model_output_loc:D:\FSDS\FSDS_Assignment\FSDS\artifacts\lr_2025-12-03.pkl
2025-12-03 15:53:17 | INFO | train.py | model saved completed
2025-12-03 15:53:17 | INFO | train.py | execution time for ingest_data script 0s
2025-12-03 15:53:56 | INFO | train.py | Data Training Starts
2025-12-03 15:53:56 | INFO | train.py | train_file_loc:D:\FSDS\FSDS_Assignment\FSDS\data\processed\train\train.csv
2025-12-03 15:53:56 | INFO | train.py | model_selection:dtr
2025-12-03 15:53:56 | INFO | train.py | train data extracted (16512, 17)
2025-12-03 15:53:56 | INFO | train.py | x_data (16512, 16), Y_data (16512,)
2025-12-03 15:53:56 | INFO | train.py | Passed data check
2025-12-03 15:53:56 | INFO | train.py | model_selected : dtr
2025-12-03 15:53:56 | INFO | train.py | decision tree model train initiated
2025-12-03 15:53:56 | INFO | train.py | decision tree model train end
2025-12-03 15:53:56 | INFO | train.py | data training end
2025-12-03 15:53:56 | INFO | train.py | model_output_loc:D:\FSDS\FSDS_Assignment\FSDS\artifacts\dtr_2025-12-03.pkl
2025-12-03 15:53:56 | INFO | train.py | model saved completed
2025-12-03 15:53:56 | INFO | train.py | execution time for ingest_data script 0s
2025-12-03 15:54:09 | INFO | train.py | Data Training Starts
2025-12-03 15:54:09 | INFO | train.py | train_file_loc:D:\FSDS\FSDS_Assignment\FSDS\data\processed\train\train.csv
2025-12-03 15:54:09 | INFO | train.py | model_selection:rfr_rs
2025-12-03 15:54:09 | INFO | train.py | train data extracted (16512, 17)
2025-12-03 15:54:09 | INFO | train.py | x_data (16512, 16), Y_data (16512,)
2025-12-03 15:54:09 | INFO | train.py | Passed data check
2025-12-03 15:54:09 | INFO | train.py | model_selected : rfr_rs
2025-12-03 15:55:21 | INFO | train.py | Data Training Starts
2025-12-03 15:55:21 | INFO | train.py | train_file_loc:D:\FSDS\FSDS_Assignment\FSDS\data\processed\train\train.csv
2025-12-03 15:55:21 | INFO | train.py | model_selection:rfr_rs
2025-12-03 15:55:21 | INFO | train.py | train data extracted (16512, 17)
2025-12-03 15:55:21 | INFO | train.py | x_data (16512, 16), Y_data (16512,)
2025-12-03 15:55:21 | INFO | train.py | Passed data check
2025-12-03 15:55:21 | INFO | train.py | model_selected : rfr_rs
2025-12-03 15:55:21 | INFO | train.py | random forest - random search model train start
2025-12-03 15:57:01 | INFO | train.py | Data Training Starts
2025-12-03 15:57:01 | INFO | train.py | train_file_loc:D:\FSDS\FSDS_Assignment\FSDS\data\processed\train\train.csv
2025-12-03 15:57:01 | INFO | train.py | model_selection:rfr_rs
2025-12-03 15:57:01 | INFO | train.py | train data extracted (16512, 17)
2025-12-03 15:57:01 | INFO | train.py | x_data (16512, 16), Y_data (16512,)
2025-12-03 15:57:01 | INFO | train.py | Passed data check
2025-12-03 15:57:01 | INFO | train.py | model_selected : rfr_rs
2025-12-03 15:57:01 | INFO | train.py | random forest - random search model train start
2025-12-03 16:01:21 | INFO | train.py | random forest - random search model train end
2025-12-03 16:01:21 | INFO | train.py | data training end
2025-12-03 16:01:22 | INFO | train.py | model_output_loc:D:\FSDS\FSDS_Assignment\FSDS\artifacts\rfr_rs_2025-12-03.pkl
2025-12-03 16:01:22 | INFO | train.py | model saved completed
2025-12-03 16:01:22 | INFO | train.py | execution time for ingest_data script 260s
2025-12-03 16:06:40 | INFO | ingest_data.py | fetching housing data from https://raw.githubusercontent.com/ageron/handson-ml/master/datasets/housing/housing.tgz
2025-12-03 16:06:41 | WARNING | ingest_data.py | Download failed, switching to local copy. Error: <urlopen error [SSL: CERTIFICATE_VERIFY_FAILED] certificate verify failed: CA cert does not include key usage extension (_ssl.c:1028)>
Traceback (most recent call last):
  File "C:\Program Files\Python313\Lib\urllib\request.py", line 1319, in do_open
    h.request(req.get_method(), req.selector, req.data, headers,
    ~~~~~~~~~^^^^^^^^^^^^^^^^^^^^^^^^^^^^^^^^^^^^^^^^^^^^^^^^^^^
              encode_chunked=req.has_header('Transfer-encoding'))
              ^^^^^^^^^^^^^^^^^^^^^^^^^^^^^^^^^^^^^^^^^^^^^^^^^^^
  File "C:\Program Files\Python313\Lib\http\client.py", line 1338, in request
    self._send_request(method, url, body, headers, encode_chunked)
    ~~~~~~~~~~~~~~~~~~^^^^^^^^^^^^^^^^^^^^^^^^^^^^^^^^^^^^^^^^^^^^
  File "C:\Program Files\Python313\Lib\http\client.py", line 1384, in _send_request
    self.endheaders(body, encode_chunked=encode_chunked)
    ~~~~~~~~~~~~~~~^^^^^^^^^^^^^^^^^^^^^^^^^^^^^^^^^^^^^
  File "C:\Program Files\Python313\Lib\http\client.py", line 1333, in endheaders
    self._send_output(message_body, encode_chunked=encode_chunked)
    ~~~~~~~~~~~~~~~~~^^^^^^^^^^^^^^^^^^^^^^^^^^^^^^^^^^^^^^^^^^^^^
  File "C:\Program Files\Python313\Lib\http\client.py", line 1093, in _send_output
    self.send(msg)
    ~~~~~~~~~^^^^^
  File "C:\Program Files\Python313\Lib\http\client.py", line 1037, in send
    self.connect()
    ~~~~~~~~~~~~^^
  File "C:\Program Files\Python313\Lib\http\client.py", line 1479, in connect
    self.sock = self._context.wrap_socket(self.sock,
                ~~~~~~~~~~~~~~~~~~~~~~~~~^^^^^^^^^^^
                                          server_hostname=server_hostname)
                                          ^^^^^^^^^^^^^^^^^^^^^^^^^^^^^^^^
  File "C:\Program Files\Python313\Lib\ssl.py", line 455, in wrap_socket
    return self.sslsocket_class._create(
           ~~~~~~~~~~~~~~~~~~~~~~~~~~~~^
        sock=sock,
        ^^^^^^^^^^
    ...<5 lines>...
        session=session
        ^^^^^^^^^^^^^^^
    )
    ^
  File "C:\Program Files\Python313\Lib\ssl.py", line 1076, in _create
    self.do_handshake()
    ~~~~~~~~~~~~~~~~~^^
  File "C:\Program Files\Python313\Lib\ssl.py", line 1372, in do_handshake
    self._sslobj.do_handshake()
    ~~~~~~~~~~~~~~~~~~~~~~~~~^^
ssl.SSLCertVerificationError: [SSL: CERTIFICATE_VERIFY_FAILED] certificate verify failed: CA cert does not include key usage extension (_ssl.c:1028)

During handling of the above exception, another exception occurred:

Traceback (most recent call last):
  File "D:\FSDS\FSDS_Assignment\FSDS\src\ingest_data.py", line 233, in <module>
    fetch_housing_data()
    ~~~~~~~~~~~~~~~~~~^^
  File "D:\FSDS\FSDS_Assignment\FSDS\src\ingest_data.py", line 87, in fetch_housing_data
    urllib.request.urlretrieve(housing_url, tgz_path)
    ~~~~~~~~~~~~~~~~~~~~~~~~~~^^^^^^^^^^^^^^^^^^^^^^^
  File "C:\Program Files\Python313\Lib\urllib\request.py", line 214, in urlretrieve
    with contextlib.closing(urlopen(url, data)) as fp:
                            ~~~~~~~^^^^^^^^^^^
  File "C:\Program Files\Python313\Lib\urllib\request.py", line 189, in urlopen
    return opener.open(url, data, timeout)
           ~~~~~~~~~~~^^^^^^^^^^^^^^^^^^^^
  File "C:\Program Files\Python313\Lib\urllib\request.py", line 489, in open
    response = self._open(req, data)
  File "C:\Program Files\Python313\Lib\urllib\request.py", line 506, in _open
    result = self._call_chain(self.handle_open, protocol, protocol +
                              '_open', req)
  File "C:\Program Files\Python313\Lib\urllib\request.py", line 466, in _call_chain
    result = func(*args)
  File "C:\Program Files\Python313\Lib\urllib\request.py", line 1367, in https_open
    return self.do_open(http.client.HTTPSConnection, req,
           ~~~~~~~~~~~~^^^^^^^^^^^^^^^^^^^^^^^^^^^^^^^^^^
                        context=self._context)
                        ^^^^^^^^^^^^^^^^^^^^^^
  File "C:\Program Files\Python313\Lib\urllib\request.py", line 1322, in do_open
    raise URLError(err)
urllib.error.URLError: <urlopen error [SSL: CERTIFICATE_VERIFY_FAILED] certificate verify failed: CA cert does not include key usage extension (_ssl.c:1028)>
2025-12-03 16:06:41 | INFO | ingest_data.py | train_data_path:D:\FSDS\FSDS_Assignment\FSDS\data\processed\train
2025-12-03 16:06:41 | INFO | ingest_data.py | test_data_path:D:\FSDS\FSDS_Assignment\FSDS\data\processed\test
2025-12-03 16:06:41 | INFO | ingest_data.py | fetched data size (20640, 10)
2025-12-03 16:06:41 | INFO | ingest_data.py | starting train-test split with test size 0.2
2025-12-03 16:06:42 | INFO | ingest_data.py | completed train-test split with train_size (16512, 17) and test_size (4128, 17)
2025-12-03 16:06:42 | INFO | ingest_data.py | execution time for ingest_data script 2s
2025-12-03 16:49:24 | INFO | ingest_data.py | fetching housing data from https://raw.githubusercontent.com/ageron/handson-ml/master/datasets/housing/housing.tgz
2025-12-03 16:49:24 | WARNING | ingest_data.py | Download failed, switching to local copy. Error: <urlopen error [SSL: CERTIFICATE_VERIFY_FAILED] certificate verify failed: CA cert does not include key usage extension (_ssl.c:1028)>
Traceback (most recent call last):
  File "C:\Program Files\Python313\Lib\urllib\request.py", line 1319, in do_open
    h.request(req.get_method(), req.selector, req.data, headers,
    ~~~~~~~~~^^^^^^^^^^^^^^^^^^^^^^^^^^^^^^^^^^^^^^^^^^^^^^^^^^^
              encode_chunked=req.has_header('Transfer-encoding'))
              ^^^^^^^^^^^^^^^^^^^^^^^^^^^^^^^^^^^^^^^^^^^^^^^^^^^
  File "C:\Program Files\Python313\Lib\http\client.py", line 1338, in request
    self._send_request(method, url, body, headers, encode_chunked)
    ~~~~~~~~~~~~~~~~~~^^^^^^^^^^^^^^^^^^^^^^^^^^^^^^^^^^^^^^^^^^^^
  File "C:\Program Files\Python313\Lib\http\client.py", line 1384, in _send_request
    self.endheaders(body, encode_chunked=encode_chunked)
    ~~~~~~~~~~~~~~~^^^^^^^^^^^^^^^^^^^^^^^^^^^^^^^^^^^^^
  File "C:\Program Files\Python313\Lib\http\client.py", line 1333, in endheaders
    self._send_output(message_body, encode_chunked=encode_chunked)
    ~~~~~~~~~~~~~~~~~^^^^^^^^^^^^^^^^^^^^^^^^^^^^^^^^^^^^^^^^^^^^^
  File "C:\Program Files\Python313\Lib\http\client.py", line 1093, in _send_output
    self.send(msg)
    ~~~~~~~~~^^^^^
  File "C:\Program Files\Python313\Lib\http\client.py", line 1037, in send
    self.connect()
    ~~~~~~~~~~~~^^
  File "C:\Program Files\Python313\Lib\http\client.py", line 1479, in connect
    self.sock = self._context.wrap_socket(self.sock,
                ~~~~~~~~~~~~~~~~~~~~~~~~~^^^^^^^^^^^
                                          server_hostname=server_hostname)
                                          ^^^^^^^^^^^^^^^^^^^^^^^^^^^^^^^^
  File "C:\Program Files\Python313\Lib\ssl.py", line 455, in wrap_socket
    return self.sslsocket_class._create(
           ~~~~~~~~~~~~~~~~~~~~~~~~~~~~^
        sock=sock,
        ^^^^^^^^^^
    ...<5 lines>...
        session=session
        ^^^^^^^^^^^^^^^
    )
    ^
  File "C:\Program Files\Python313\Lib\ssl.py", line 1076, in _create
    self.do_handshake()
    ~~~~~~~~~~~~~~~~~^^
  File "C:\Program Files\Python313\Lib\ssl.py", line 1372, in do_handshake
    self._sslobj.do_handshake()
    ~~~~~~~~~~~~~~~~~~~~~~~~~^^
ssl.SSLCertVerificationError: [SSL: CERTIFICATE_VERIFY_FAILED] certificate verify failed: CA cert does not include key usage extension (_ssl.c:1028)

During handling of the above exception, another exception occurred:

Traceback (most recent call last):
  File "\\wsl.localhost\Ubuntu-22.04\home\prashanth\Workspace\FSDS\FSDS\src\ingest_data.py", line 233, in <module>
    fetch_housing_data()
    ~~~~~~~~~~~~~~~~~~^^
  File "\\wsl.localhost\Ubuntu-22.04\home\prashanth\Workspace\FSDS\FSDS\src\ingest_data.py", line 87, in fetch_housing_data
    urllib.request.urlretrieve(housing_url, tgz_path)
    ~~~~~~~~~~~~~~~~~~~~~~~~~~^^^^^^^^^^^^^^^^^^^^^^^
  File "C:\Program Files\Python313\Lib\urllib\request.py", line 214, in urlretrieve
    with contextlib.closing(urlopen(url, data)) as fp:
                            ~~~~~~~^^^^^^^^^^^
  File "C:\Program Files\Python313\Lib\urllib\request.py", line 189, in urlopen
    return opener.open(url, data, timeout)
           ~~~~~~~~~~~^^^^^^^^^^^^^^^^^^^^
  File "C:\Program Files\Python313\Lib\urllib\request.py", line 489, in open
    response = self._open(req, data)
  File "C:\Program Files\Python313\Lib\urllib\request.py", line 506, in _open
    result = self._call_chain(self.handle_open, protocol, protocol +
                              '_open', req)
  File "C:\Program Files\Python313\Lib\urllib\request.py", line 466, in _call_chain
    result = func(*args)
  File "C:\Program Files\Python313\Lib\urllib\request.py", line 1367, in https_open
    return self.do_open(http.client.HTTPSConnection, req,
           ~~~~~~~~~~~~^^^^^^^^^^^^^^^^^^^^^^^^^^^^^^^^^^
                        context=self._context)
                        ^^^^^^^^^^^^^^^^^^^^^^
  File "C:\Program Files\Python313\Lib\urllib\request.py", line 1322, in do_open
    raise URLError(err)
urllib.error.URLError: <urlopen error [SSL: CERTIFICATE_VERIFY_FAILED] certificate verify failed: CA cert does not include key usage extension (_ssl.c:1028)>
2025-12-03 16:49:24 | INFO | ingest_data.py | train_data_path:\\wsl.localhost\Ubuntu-22.04\home\prashanth\Workspace\FSDS\FSDS\data\processed\train
2025-12-03 16:49:24 | INFO | ingest_data.py | test_data_path:\\wsl.localhost\Ubuntu-22.04\home\prashanth\Workspace\FSDS\FSDS\data\processed\test
2025-12-03 16:49:24 | INFO | ingest_data.py | fetched data size (20640, 10)
2025-12-03 16:49:24 | INFO | ingest_data.py | starting train-test split with test size 0.2
2025-12-03 16:49:25 | INFO | ingest_data.py | completed train-test split with train_size (16512, 17) and test_size (4128, 17)
2025-12-03 16:49:25 | INFO | ingest_data.py | execution time for ingest_data script 1s
2025-12-03 16:50:00 | INFO | train.py | Data Training Starts
2025-12-03 16:50:00 | INFO | train.py | train_file_loc:\\wsl.localhost\Ubuntu-22.04\home\prashanth\Workspace\FSDS\FSDS\data\processed\train\train.csv
2025-12-03 16:50:00 | INFO | train.py | model_selection:lr
2025-12-03 16:50:00 | INFO | train.py | train data extracted (16512, 17)
2025-12-03 16:50:00 | INFO | train.py | x_data (16512, 16), Y_data (16512,)
2025-12-03 16:50:00 | INFO | train.py | Passed data check
2025-12-03 16:50:00 | INFO | train.py | model_selected : lr
2025-12-03 16:50:00 | INFO | train.py | Linear model learning starts
2025-12-03 16:50:00 | INFO | train.py | linear model learning end
2025-12-03 16:50:00 | INFO | train.py | data training end
2025-12-03 16:50:00 | INFO | train.py | model_output_loc:\\wsl.localhost\Ubuntu-22.04\home\prashanth\Workspace\FSDS\FSDS\artifacts\lr_2025-12-03.pkl
2025-12-03 16:50:00 | INFO | train.py | model saved completed
2025-12-03 16:50:00 | INFO | train.py | execution time for ingest_data script 0s
2025-12-03 16:50:14 | INFO | train.py | Data Training Starts
2025-12-03 16:50:14 | INFO | train.py | train_file_loc:\\wsl.localhost\Ubuntu-22.04\home\prashanth\Workspace\FSDS\FSDS\data\processed\train\train.csv
2025-12-03 16:50:14 | INFO | train.py | model_selection:dtr
2025-12-03 16:50:14 | INFO | train.py | train data extracted (16512, 17)
2025-12-03 16:50:14 | INFO | train.py | x_data (16512, 16), Y_data (16512,)
2025-12-03 16:50:14 | INFO | train.py | Passed data check
2025-12-03 16:50:14 | INFO | train.py | model_selected : dtr
2025-12-03 16:50:14 | INFO | train.py | decision tree model train initiated
2025-12-03 16:50:14 | INFO | train.py | decision tree model train end
2025-12-03 16:50:14 | INFO | train.py | data training end
2025-12-03 16:50:15 | INFO | train.py | model_output_loc:\\wsl.localhost\Ubuntu-22.04\home\prashanth\Workspace\FSDS\FSDS\artifacts\dtr_2025-12-03.pkl
2025-12-03 16:50:15 | INFO | train.py | model saved completed
2025-12-03 16:50:15 | INFO | train.py | execution time for ingest_data script 0s
2025-12-03 16:50:35 | INFO | train.py | Data Training Starts
2025-12-03 16:50:35 | INFO | train.py | train_file_loc:\\wsl.localhost\Ubuntu-22.04\home\prashanth\Workspace\FSDS\FSDS\data\processed\train\train.csv
2025-12-03 16:50:35 | INFO | train.py | model_selection:rfr_rs
2025-12-03 16:50:35 | INFO | train.py | train data extracted (16512, 17)
2025-12-03 16:50:35 | INFO | train.py | x_data (16512, 16), Y_data (16512,)
2025-12-03 16:50:35 | INFO | train.py | Passed data check
2025-12-03 16:50:35 | INFO | train.py | model_selected : rfr_rs
2025-12-03 16:50:35 | INFO | train.py | random forest - random search model train start
2025-12-03 16:53:44 | INFO | train.py | random forest - random search model train end
2025-12-03 16:53:44 | INFO | train.py | data training end
2025-12-03 16:53:46 | INFO | train.py | model_output_loc:\\wsl.localhost\Ubuntu-22.04\home\prashanth\Workspace\FSDS\FSDS\artifacts\rfr_rs_2025-12-03.pkl
2025-12-03 16:53:46 | INFO | train.py | model saved completed
2025-12-03 16:53:46 | INFO | train.py | execution time for ingest_data script 190s
2025-12-03 16:54:08 | INFO | train.py | Data Training Starts
2025-12-03 16:54:08 | INFO | train.py | train_file_loc:\\wsl.localhost\Ubuntu-22.04\home\prashanth\Workspace\FSDS\FSDS\data\processed\train\train.csv
2025-12-03 16:54:08 | INFO | train.py | model_selection:rfr_gs
2025-12-03 16:54:08 | INFO | train.py | train data extracted (16512, 17)
2025-12-03 16:54:08 | INFO | train.py | x_data (16512, 16), Y_data (16512,)
2025-12-03 16:54:08 | INFO | train.py | Passed data check
2025-12-03 16:54:08 | INFO | train.py | model_selected : rfr_gs
2025-12-03 16:54:08 | INFO | train.py | random forest - grid search model train start
2025-12-03 16:54:59 | INFO | train.py | random forest - grid search model train end
2025-12-03 16:54:59 | INFO | train.py | data training end
2025-12-03 16:54:59 | INFO | train.py | model_output_loc:\\wsl.localhost\Ubuntu-22.04\home\prashanth\Workspace\FSDS\FSDS\artifacts\rfr_gs_2025-12-03.pkl
2025-12-03 16:54:59 | INFO | train.py | model saved completed
2025-12-03 16:54:59 | INFO | train.py | execution time for ingest_data script 50s
2025-12-03 18:21:14 | INFO | score.py | Scoring Starts
2025-12-03 18:22:09 | INFO | score.py | Scoring Starts
2025-12-03 18:22:09 | INFO | score.py | log_file_location:\\wsl.localhost\Ubuntu-22.04\home\prashanth\Workspace\FSDS\FSDS\logs
2025-12-03 18:22:09 | INFO | score.py | test_file_loc:\\wsl.localhost\Ubuntu-22.04\home\prashanth\Workspace\FSDS\FSDS\data\processed\train\test.csv
2025-12-03 18:22:37 | INFO | score.py | Scoring Starts
2025-12-03 18:22:37 | INFO | score.py | log_file_location:\\wsl.localhost\Ubuntu-22.04\home\prashanth\Workspace\FSDS\FSDS\logs
2025-12-03 18:22:37 | INFO | score.py | test_file_loc:\\wsl.localhost\Ubuntu-22.04\home\prashanth\Workspace\FSDS\FSDS\data\processed\train\test.csv
2025-12-03 18:22:37 | INFO | score.py | model folder location \\wsl.localhost\Ubuntu-22.04\home\prashanth\Workspace\FSDS\FSDS\artifacts
2025-12-03 18:22:37 | INFO | score.py | model_selection:lr
2025-12-03 18:22:37 | INFO | score.py | output_path:\\wsl.localhost\Ubuntu-22.04\home\prashanth\Workspace\FSDS\FSDS\outputs
2025-12-03 18:23:50 | INFO | score.py | Scoring Starts
2025-12-03 18:23:50 | INFO | score.py | log_file_location:\\wsl.localhost\Ubuntu-22.04\home\prashanth\Workspace\FSDS\FSDS\logs
2025-12-03 18:23:50 | INFO | score.py | test_file_loc:\\wsl.localhost\Ubuntu-22.04\home\prashanth\Workspace\FSDS\FSDS\data\processed\test\test.csv
2025-12-03 18:23:50 | INFO | score.py | model folder location \\wsl.localhost\Ubuntu-22.04\home\prashanth\Workspace\FSDS\FSDS\artifacts
2025-12-03 18:23:50 | INFO | score.py | model_selection:lr
2025-12-03 18:23:50 | INFO | score.py | output_path:\\wsl.localhost\Ubuntu-22.04\home\prashanth\Workspace\FSDS\FSDS\outputs
2025-12-03 18:23:50 | INFO | score.py | data extracted (4128, 17)
2025-12-03 18:23:50 | INFO | score.py | test data check passed
2025-12-03 18:28:03 | INFO | score.py | Scoring Starts
2025-12-03 18:28:03 | INFO | score.py | log_file_location:\\wsl.localhost\Ubuntu-22.04\home\prashanth\Workspace\FSDS\FSDS\logs
2025-12-03 18:28:03 | INFO | score.py | test_file_loc:\\wsl.localhost\Ubuntu-22.04\home\prashanth\Workspace\FSDS\FSDS\data\processed\test\test.csv
2025-12-03 18:28:03 | INFO | score.py | model folder location \\wsl.localhost\Ubuntu-22.04\home\prashanth\Workspace\FSDS\FSDS\artifacts
2025-12-03 18:28:03 | INFO | score.py | model_selection:lr_2025-12-03.pkl
2025-12-03 18:28:03 | INFO | score.py | output_path:\\wsl.localhost\Ubuntu-22.04\home\prashanth\Workspace\FSDS\FSDS\outputs
2025-12-03 18:28:03 | INFO | score.py | data extracted (4128, 17)
2025-12-03 18:28:03 | INFO | score.py | test data check passed
2025-12-03 18:28:03 | INFO | score.py | model picked : \\wsl.localhost\Ubuntu-22.04\home\prashanth\Workspace\FSDS\FSDS\artifacts\lr_2025-12-03
2025-12-03 18:28:03 | INFO | score.py | prediction done for x_test
2025-12-03 18:28:03 | INFO | score.py | model_name: \\wsl.localhost\Ubuntu-22.04\home\prashanth\Workspace\FSDS\FSDS\artifacts\lr_2025-12-03,rmse_score: 73335.99077461641,mae_score: 51268.02692509828
2025-12-03 18:28:04 | INFO | score.py | prediction result saved :\\wsl.localhost\Ubuntu-22.04\home\prashanth\Workspace\FSDS\FSDS\outputs\lr_2025-12-03_predictions.csv
2025-12-03 18:28:04 | INFO | score.py | Scoring Ends
2025-12-03 18:28:04 | INFO | score.py | execution time for ingest_data script 0s
2025-12-03 18:28:48 | INFO | score.py | Scoring Starts
2025-12-03 18:28:48 | INFO | score.py | log_file_location:\\wsl.localhost\Ubuntu-22.04\home\prashanth\Workspace\FSDS\FSDS\logs
2025-12-03 18:28:48 | INFO | score.py | test_file_loc:\\wsl.localhost\Ubuntu-22.04\home\prashanth\Workspace\FSDS\FSDS\data\processed\test\test.csv
2025-12-03 18:28:48 | INFO | score.py | model folder location \\wsl.localhost\Ubuntu-22.04\home\prashanth\Workspace\FSDS\FSDS\artifacts
2025-12-03 18:28:48 | INFO | score.py | model_selection:dtr_2025-12-03.pkl
2025-12-03 18:28:48 | INFO | score.py | output_path:\\wsl.localhost\Ubuntu-22.04\home\prashanth\Workspace\FSDS\FSDS\outputs
2025-12-03 18:28:48 | INFO | score.py | data extracted (4128, 17)
2025-12-03 18:28:48 | INFO | score.py | test data check passed
2025-12-03 18:28:49 | INFO | score.py | model picked : \\wsl.localhost\Ubuntu-22.04\home\prashanth\Workspace\FSDS\FSDS\artifacts\dtr_2025-12-03
2025-12-03 18:28:49 | INFO | score.py | prediction done for x_test
2025-12-03 18:28:49 | INFO | score.py | model_name: \\wsl.localhost\Ubuntu-22.04\home\prashanth\Workspace\FSDS\FSDS\artifacts\dtr_2025-12-03,rmse_score: 73564.61211621131,mae_score: 44611.33187984496
2025-12-03 18:28:49 | INFO | score.py | prediction result saved :\\wsl.localhost\Ubuntu-22.04\home\prashanth\Workspace\FSDS\FSDS\outputs\dtr_2025-12-03_predictions.csv
2025-12-03 18:28:49 | INFO | score.py | Scoring Ends
2025-12-03 18:28:49 | INFO | score.py | execution time for ingest_data script 1s
2025-12-03 18:29:02 | INFO | score.py | Scoring Starts
2025-12-03 18:29:02 | INFO | score.py | log_file_location:\\wsl.localhost\Ubuntu-22.04\home\prashanth\Workspace\FSDS\FSDS\logs
2025-12-03 18:29:02 | INFO | score.py | test_file_loc:\\wsl.localhost\Ubuntu-22.04\home\prashanth\Workspace\FSDS\FSDS\data\processed\test\test.csv
2025-12-03 18:29:02 | INFO | score.py | model folder location \\wsl.localhost\Ubuntu-22.04\home\prashanth\Workspace\FSDS\FSDS\artifacts
2025-12-03 18:29:02 | INFO | score.py | model_selection:rfr_rs_2025-12-03.pkl
2025-12-03 18:29:02 | INFO | score.py | output_path:\\wsl.localhost\Ubuntu-22.04\home\prashanth\Workspace\FSDS\FSDS\outputs
2025-12-03 18:29:02 | INFO | score.py | data extracted (4128, 17)
2025-12-03 18:29:02 | INFO | score.py | test data check passed
2025-12-03 18:29:07 | INFO | score.py | model picked : \\wsl.localhost\Ubuntu-22.04\home\prashanth\Workspace\FSDS\FSDS\artifacts\rfr_rs_2025-12-03
2025-12-03 18:29:07 | INFO | score.py | prediction done for x_test
2025-12-03 18:29:07 | INFO | score.py | model_name:\\wsl.localhost\Ubuntu-22.04\home\prashanth\Workspace\FSDS\FSDS\artifacts\rfr_rs_2025-12-03,rmse_score: 50032.489424531275,params: {'max_features': 7, 'n_estimators': 180}
2025-12-03 18:29:07 | INFO | score.py | model_name:\\wsl.localhost\Ubuntu-22.04\home\prashanth\Workspace\FSDS\FSDS\artifacts\rfr_rs_2025-12-03,rmse_score: 51941.4155321601,params: {'max_features': 5, 'n_estimators': 15}
2025-12-03 18:29:07 | INFO | score.py | model_name:\\wsl.localhost\Ubuntu-22.04\home\prashanth\Workspace\FSDS\FSDS\artifacts\rfr_rs_2025-12-03,rmse_score: 51470.43001889001,params: {'max_features': 3, 'n_estimators': 72}
2025-12-03 18:29:07 | INFO | score.py | model_name:\\wsl.localhost\Ubuntu-22.04\home\prashanth\Workspace\FSDS\FSDS\artifacts\rfr_rs_2025-12-03,rmse_score: 51359.7474530393,params: {'max_features': 5, 'n_estimators': 21}
2025-12-03 18:29:07 | INFO | score.py | model_name:\\wsl.localhost\Ubuntu-22.04\home\prashanth\Workspace\FSDS\FSDS\artifacts\rfr_rs_2025-12-03,rmse_score: 50068.48518493483,params: {'max_features': 7, 'n_estimators': 122}
2025-12-03 18:29:07 | INFO | score.py | model_name:\\wsl.localhost\Ubuntu-22.04\home\prashanth\Workspace\FSDS\FSDS\artifacts\rfr_rs_2025-12-03,rmse_score: 51483.949631042866,params: {'max_features': 3, 'n_estimators': 75}
2025-12-03 18:29:07 | INFO | score.py | model_name:\\wsl.localhost\Ubuntu-22.04\home\prashanth\Workspace\FSDS\FSDS\artifacts\rfr_rs_2025-12-03,rmse_score: 51293.51819098962,params: {'max_features': 3, 'n_estimators': 88}
2025-12-03 18:29:07 | INFO | score.py | model_name:\\wsl.localhost\Ubuntu-22.04\home\prashanth\Workspace\FSDS\FSDS\artifacts\rfr_rs_2025-12-03,rmse_score: 50346.36593855657,params: {'max_features': 5, 'n_estimators': 100}
2025-12-03 18:29:07 | INFO | score.py | model_name:\\wsl.localhost\Ubuntu-22.04\home\prashanth\Workspace\FSDS\FSDS\artifacts\rfr_rs_2025-12-03,rmse_score: 51127.493008772806,params: {'max_features': 3, 'n_estimators': 150}
2025-12-03 18:29:07 | INFO | score.py | model_name:\\wsl.localhost\Ubuntu-22.04\home\prashanth\Workspace\FSDS\FSDS\artifacts\rfr_rs_2025-12-03,rmse_score: 65167.66942733717,params: {'max_features': 5, 'n_estimators': 2}
2025-12-03 18:29:07 | INFO | score.py | prediction result saved :\\wsl.localhost\Ubuntu-22.04\home\prashanth\Workspace\FSDS\FSDS\outputs\rfr_rs_2025-12-03_predictions.csv
2025-12-03 18:29:07 | INFO | score.py | Scoring Ends
2025-12-03 18:29:07 | INFO | score.py | execution time for ingest_data script 5s
2025-12-03 18:29:20 | INFO | score.py | Scoring Starts
2025-12-03 18:29:20 | INFO | score.py | log_file_location:\\wsl.localhost\Ubuntu-22.04\home\prashanth\Workspace\FSDS\FSDS\logs
2025-12-03 18:29:20 | INFO | score.py | test_file_loc:\\wsl.localhost\Ubuntu-22.04\home\prashanth\Workspace\FSDS\FSDS\data\processed\test\test.csv
2025-12-03 18:29:20 | INFO | score.py | model folder location \\wsl.localhost\Ubuntu-22.04\home\prashanth\Workspace\FSDS\FSDS\artifacts
2025-12-03 18:29:20 | INFO | score.py | model_selection:rfr_gs_2025-12-03.pkl
2025-12-03 18:29:20 | INFO | score.py | output_path:\\wsl.localhost\Ubuntu-22.04\home\prashanth\Workspace\FSDS\FSDS\outputs
2025-12-03 18:29:20 | INFO | score.py | data extracted (4128, 17)
2025-12-03 18:29:20 | INFO | score.py | test data check passed
2025-12-03 18:29:21 | INFO | score.py | model picked : \\wsl.localhost\Ubuntu-22.04\home\prashanth\Workspace\FSDS\FSDS\artifacts\rfr_gs_2025-12-03
2025-12-03 18:29:21 | INFO | score.py | prediction done for x_test
2025-12-03 18:29:21 | INFO | score.py | model_name:\\wsl.localhost\Ubuntu-22.04\home\prashanth\Workspace\FSDS\FSDS\artifacts\rfr_gs_2025-12-03,rmse_score: 63567.55301688066,params: {'max_features': 2, 'n_estimators': 3}
2025-12-03 18:29:21 | INFO | score.py | model_name:\\wsl.localhost\Ubuntu-22.04\home\prashanth\Workspace\FSDS\FSDS\artifacts\rfr_gs_2025-12-03,rmse_score: 55828.70383497944,params: {'max_features': 2, 'n_estimators': 10}
2025-12-03 18:29:21 | INFO | score.py | model_name:\\wsl.localhost\Ubuntu-22.04\home\prashanth\Workspace\FSDS\FSDS\artifacts\rfr_gs_2025-12-03,rmse_score: 53549.23259283635,params: {'max_features': 2, 'n_estimators': 30}
2025-12-03 18:29:21 | INFO | score.py | model_name:\\wsl.localhost\Ubuntu-22.04\home\prashanth\Workspace\FSDS\FSDS\artifacts\rfr_gs_2025-12-03,rmse_score: 61317.72285427327,params: {'max_features': 4, 'n_estimators': 3}
2025-12-03 18:29:21 | INFO | score.py | model_name:\\wsl.localhost\Ubuntu-22.04\home\prashanth\Workspace\FSDS\FSDS\artifacts\rfr_gs_2025-12-03,rmse_score: 53727.24654965911,params: {'max_features': 4, 'n_estimators': 10}
2025-12-03 18:29:21 | INFO | score.py | model_name:\\wsl.localhost\Ubuntu-22.04\home\prashanth\Workspace\FSDS\FSDS\artifacts\rfr_gs_2025-12-03,rmse_score: 51581.88743859026,params: {'max_features': 4, 'n_estimators': 30}
2025-12-03 18:29:21 | INFO | score.py | model_name:\\wsl.localhost\Ubuntu-22.04\home\prashanth\Workspace\FSDS\FSDS\artifacts\rfr_gs_2025-12-03,rmse_score: 59594.081686645186,params: {'max_features': 6, 'n_estimators': 3}
2025-12-03 18:29:21 | INFO | score.py | model_name:\\wsl.localhost\Ubuntu-22.04\home\prashanth\Workspace\FSDS\FSDS\artifacts\rfr_gs_2025-12-03,rmse_score: 53040.97095248967,params: {'max_features': 6, 'n_estimators': 10}
2025-12-03 18:29:21 | INFO | score.py | model_name:\\wsl.localhost\Ubuntu-22.04\home\prashanth\Workspace\FSDS\FSDS\artifacts\rfr_gs_2025-12-03,rmse_score: 51042.71043011621,params: {'max_features': 6, 'n_estimators': 30}
2025-12-03 18:29:21 | INFO | score.py | model_name:\\wsl.localhost\Ubuntu-22.04\home\prashanth\Workspace\FSDS\FSDS\artifacts\rfr_gs_2025-12-03,rmse_score: 59899.92809638116,params: {'max_features': 8, 'n_estimators': 3}
2025-12-03 18:29:21 | INFO | score.py | model_name:\\wsl.localhost\Ubuntu-22.04\home\prashanth\Workspace\FSDS\FSDS\artifacts\rfr_gs_2025-12-03,rmse_score: 52687.63502048019,params: {'max_features': 8, 'n_estimators': 10}
2025-12-03 18:29:21 | INFO | score.py | model_name:\\wsl.localhost\Ubuntu-22.04\home\prashanth\Workspace\FSDS\FSDS\artifacts\rfr_gs_2025-12-03,rmse_score: 50868.27140721082,params: {'max_features': 8, 'n_estimators': 30}
2025-12-03 18:29:21 | INFO | score.py | model_name:\\wsl.localhost\Ubuntu-22.04\home\prashanth\Workspace\FSDS\FSDS\artifacts\rfr_gs_2025-12-03,rmse_score: 63048.300258960844,params: {'bootstrap': False, 'max_features': 2, 'n_estimators': 3}
2025-12-03 18:29:21 | INFO | score.py | model_name:\\wsl.localhost\Ubuntu-22.04\home\prashanth\Workspace\FSDS\FSDS\artifacts\rfr_gs_2025-12-03,rmse_score: 54759.2271070805,params: {'bootstrap': False, 'max_features': 2, 'n_estimators': 10}
2025-12-03 18:29:21 | INFO | score.py | model_name:\\wsl.localhost\Ubuntu-22.04\home\prashanth\Workspace\FSDS\FSDS\artifacts\rfr_gs_2025-12-03,rmse_score: 59621.57757167473,params: {'bootstrap': False, 'max_features': 3, 'n_estimators': 3}
2025-12-03 18:29:21 | INFO | score.py | model_name:\\wsl.localhost\Ubuntu-22.04\home\prashanth\Workspace\FSDS\FSDS\artifacts\rfr_gs_2025-12-03,rmse_score: 53362.825671458195,params: {'bootstrap': False, 'max_features': 3, 'n_estimators': 10}
2025-12-03 18:29:21 | INFO | score.py | model_name:\\wsl.localhost\Ubuntu-22.04\home\prashanth\Workspace\FSDS\FSDS\artifacts\rfr_gs_2025-12-03,rmse_score: 59619.91506507936,params: {'bootstrap': False, 'max_features': 4, 'n_estimators': 3}
2025-12-03 18:29:21 | INFO | score.py | model_name:\\wsl.localhost\Ubuntu-22.04\home\prashanth\Workspace\FSDS\FSDS\artifacts\rfr_gs_2025-12-03,rmse_score: 52364.88799734074,params: {'bootstrap': False, 'max_features': 4, 'n_estimators': 10}
2025-12-03 18:29:21 | INFO | score.py | prediction result saved :\\wsl.localhost\Ubuntu-22.04\home\prashanth\Workspace\FSDS\FSDS\outputs\rfr_gs_2025-12-03_predictions.csv
2025-12-03 18:29:21 | INFO | score.py | Scoring Ends
2025-12-03 18:29:21 | INFO | score.py | execution time for ingest_data script 1s
